---------------------------
fetch.com has 100% availability
fetch.com has 50% availability
fetch.com has 66% availability
www.fetchrewards.com has 0% availability
---------------------------
fetch.com has 75% availability
fetch.com has 60% availability
fetch.com has 66% availability
www.fetchrewards.com has 50% availability
---------------------------
fetch.com has 71% availability
fetch.com has 62% availability
fetch.com has 55% availability
www.fetchrewards.com has 33% availability
Received shutdown signal. Gracefully shutting down ...
Program terminated.
---------------------------
fetch.com has 0% availability
fetch.com has 50% availability
fetch.com has 66% availability
www.fetchrewards.com has 0% availability
Received shutdown signal. Gracefully shutting down ...
Program terminated.
